<?xml version="1.0" encoding="UTF-8"?>
<coverage generated="1523137091104" clover="3.2.0">
  <project timestamp="1523137091104" name="All files">
    <metrics statements="66" coveredstatements="24" conditionals="35" coveredconditionals="2" methods="34" coveredmethods="10" elements="135" coveredelements="36" complexity="0" loc="66" ncloc="66" packages="3" files="4" classes="4">
      <package name="src">
        <metrics statements="22" coveredstatements="0" conditionals="25" coveredconditionals="0" methods="16" coveredmethods="0"/>
        <file name="index.js" path="/home/aitwar/React/Simple-React-Weather/src/index.js">
          <metrics statements="7" coveredstatements="0" conditionals="4" coveredconditionals="0" methods="1" coveredmethods="0"/>
          <line num="1" count="0" type="stmt"/>
          <line num="2" count="0" type="stmt"/>
          <line num="4" count="0" type="stmt"/>
          <line num="5" count="0" type="stmt"/>
          <line num="6" count="0" type="cond" truecount="0" falsecount="4"/>
          <line num="8" count="0" type="stmt"/>
          <line num="9" count="0" type="stmt"/>
        </file>
        <file name="registerServiceWorker.js" path="/home/aitwar/React/Simple-React-Weather/src/registerServiceWorker.js">
          <metrics statements="15" coveredstatements="0" conditionals="21" coveredconditionals="0" methods="15" coveredmethods="0"/>
          <line num="1" count="0" type="stmt"/>
          <line num="21" count="0" type="stmt"/>
          <line num="118" count="0" type="cond" truecount="0" falsecount="3"/>
          <line num="120" count="0" type="cond" truecount="0" falsecount="4"/>
          <line num="121" count="0" type="cond" truecount="0" falsecount="2"/>
          <line num="124" count="0" type="cond" truecount="0" falsecount="2"/>
          <line num="125" count="0" type="stmt"/>
          <line num="127" count="0" type="stmt"/>
          <line num="128" count="0" type="cond" truecount="0" falsecount="4"/>
          <line num="132" count="0" type="stmt"/>
          <line num="135" count="0" type="stmt"/>
          <line num="136" count="0" type="stmt"/>
          <line num="137" count="0" type="cond" truecount="0" falsecount="4"/>
          <line num="138" count="0" type="stmt"/>
          <line num="139" count="0" type="cond" truecount="0" falsecount="2"/>
        </file>
      </package>
      <package name="src.pages">
        <metrics statements="1" coveredstatements="1" conditionals="0" coveredconditionals="0" methods="1" coveredmethods="1"/>
        <file name="App.js" path="/home/aitwar/React/Simple-React-Weather/src/pages/App.js">
          <metrics statements="1" coveredstatements="1" conditionals="0" coveredconditionals="0" methods="1" coveredmethods="1"/>
          <line num="8" count="1" type="stmt"/>
        </file>
      </package>
      <package name="src.pages.Home">
        <metrics statements="43" coveredstatements="23" conditionals="10" coveredconditionals="2" methods="17" coveredmethods="9"/>
        <file name="Home.js" path="/home/aitwar/React/Simple-React-Weather/src/pages/Home/Home.js">
          <metrics statements="43" coveredstatements="23" conditionals="10" coveredconditionals="2" methods="17" coveredmethods="9"/>
          <line num="8" count="2" type="stmt"/>
          <line num="12" count="1" type="stmt"/>
          <line num="13" count="1" type="stmt"/>
          <line num="19" count="1" type="stmt"/>
          <line num="23" count="0" type="stmt"/>
          <line num="24" count="0" type="stmt"/>
          <line num="25" count="0" type="stmt"/>
          <line num="26" count="0" type="stmt"/>
          <line num="27" count="0" type="stmt"/>
          <line num="29" count="0" type="stmt"/>
          <line num="34" count="1" type="stmt"/>
          <line num="35" count="1" type="stmt"/>
          <line num="36" count="0" type="stmt"/>
          <line num="37" count="0" type="stmt"/>
          <line num="39" count="1" type="stmt"/>
          <line num="44" count="1" type="cond" truecount="1" falsecount="1"/>
          <line num="47" count="1" type="stmt"/>
          <line num="60" count="1" type="stmt"/>
          <line num="61" count="1" type="stmt"/>
          <line num="62" count="1" type="stmt"/>
          <line num="63" count="1" type="stmt"/>
          <line num="67" count="0" type="stmt"/>
          <line num="71" count="0" type="stmt"/>
          <line num="75" count="1" type="stmt"/>
          <line num="84" count="2" type="stmt"/>
          <line num="89" count="0" type="stmt"/>
          <line num="90" count="0" type="cond" truecount="0" falsecount="2"/>
          <line num="91" count="0" type="stmt"/>
          <line num="92" count="0" type="cond" truecount="0" falsecount="2"/>
          <line num="93" count="0" type="stmt"/>
          <line num="94" count="0" type="stmt"/>
          <line num="95" count="0" type="cond" truecount="0" falsecount="2"/>
          <line num="96" count="0" type="stmt"/>
          <line num="97" count="0" type="stmt"/>
          <line num="100" count="0" type="stmt"/>
          <line num="107" count="2" type="stmt"/>
          <line num="112" count="1" type="stmt"/>
          <line num="113" count="1" type="stmt"/>
          <line num="116" count="1" type="stmt"/>
          <line num="130" count="2" type="stmt"/>
          <line num="135" count="2" type="stmt"/>
          <line num="141" count="1" type="stmt"/>
          <line num="146" count="2" type="stmt"/>
        </file>
      </package>
    </metrics>
  </project>
</coverage>
