{"/home/aitwar/React/Simple-React-Weather/src/index.js": {"path":"/home/aitwar/React/Simple-React-Weather/src/index.js","statementMap":{"0":{"start":{"line":1,"column":32},"end":{"line":1,"column":86}},"1":{"start":{"line":1,"column":100},"end":{"line":1,"column":116}},"2":{"start":{"line":1,"column":131},"end":{"line":1,"column":161}},"3":{"start":{"line":2,"column":16},"end":{"line":2,"column":36}},"4":{"start":{"line":2,"column":54},"end":{"line":2,"column":87}},"5":{"start":{"line":4,"column":11},"end":{"line":4,"column":33}},"6":{"start":{"line":4,"column":46},"end":{"line":4,"column":74}},"7":{"start":{"line":5,"column":0},"end":{"line":5,"column":23}},"8":{"start":{"line":6,"column":29},"end":{"line":6,"column":63}},"9":{"start":{"line":6,"column":94},"end":{"line":6,"column":140}},"10":{"start":{"line":6,"column":179},"end":{"line":6,"column":233}},"11":{"start":{"line":8,"column":0},"end":{"line":8,"column":181}},"12":{"start":{"line":9,"column":0},"end":{"line":9,"column":39}}},"fnMap":{"0":{"name":"_interopRequireDefault","decl":{"start":{"line":6,"column":150},"end":{"line":6,"column":172}},"loc":{"start":{"line":6,"column":178},"end":{"line":6,"column":234}},"line":6}},"branchMap":{"0":{"loc":{"start":{"line":6,"column":186},"end":{"line":6,"column":232}},"type":"cond-expr","locations":[{"start":{"line":6,"column":210},"end":{"line":6,"column":213}},{"start":{"line":6,"column":216},"end":{"line":6,"column":232}}],"line":6},"1":{"loc":{"start":{"line":6,"column":186},"end":{"line":6,"column":207}},"type":"binary-expr","locations":[{"start":{"line":6,"column":186},"end":{"line":6,"column":189}},{"start":{"line":6,"column":193},"end":{"line":6,"column":207}}],"line":6}},"s":{"0":0,"1":0,"2":0,"3":0,"4":0,"5":0,"6":0,"7":0,"8":0,"9":0,"10":0,"11":0,"12":0},"f":{"0":0},"b":{"0":[0,0],"1":[0,0]}}
,"/home/aitwar/React/Simple-React-Weather/src/registerServiceWorker.js": {"path":"/home/aitwar/React/Simple-React-Weather/src/registerServiceWorker.js","statementMap":{"0":{"start":{"line":1,"column":13},"end":{"line":1,"column":75}},"1":{"start":{"line":1,"column":75},"end":{"line":21,"column":9}},"2":{"start":{"line":21,"column":9},"end":{"line":111,"column":24}},"3":{"start":{"line":118,"column":20},"end":{"line":120,"column":89}},"4":{"start":{"line":120,"column":111},"end":{"line":128,"column":36}},"5":{"start":{"line":121,"column":22},"end":{"line":121,"column":70}},"6":{"start":{"line":121,"column":71},"end":{"line":124,"column":14}},"7":{"start":{"line":124,"column":6},"end":{"line":124,"column":13}},"8":{"start":{"line":124,"column":14},"end":{"line":128,"column":35}},"9":{"start":{"line":124,"column":67},"end":{"line":124,"column":112}},"10":{"start":{"line":124,"column":113},"end":{"line":128,"column":32}},"11":{"start":{"line":125,"column":8},"end":{"line":125,"column":39}},"12":{"start":{"line":127,"column":8},"end":{"line":127,"column":178}},"13":{"start":{"line":127,"column":50},"end":{"line":127,"column":175}},"14":{"start":{"line":128,"column":8},"end":{"line":128,"column":31}},"15":{"start":{"line":128,"column":70},"end":{"line":135,"column":156}},"16":{"start":{"line":128,"column":132},"end":{"line":135,"column":68}},"17":{"start":{"line":128,"column":193},"end":{"line":128,"column":216}},"18":{"start":{"line":128,"column":217},"end":{"line":135,"column":66}},"19":{"start":{"line":128,"column":257},"end":{"line":135,"column":64}},"20":{"start":{"line":128,"column":302},"end":{"line":135,"column":63}},"21":{"start":{"line":132,"column":12},"end":{"line":132,"column":69}},"22":{"start":{"line":135,"column":12},"end":{"line":135,"column":62}},"23":{"start":{"line":135,"column":87},"end":{"line":135,"column":153}},"24":{"start":{"line":136,"column":2},"end":{"line":139,"column":126}},"25":{"start":{"line":137,"column":4},"end":{"line":139,"column":30}},"26":{"start":{"line":138,"column":6},"end":{"line":138,"column":127}},"27":{"start":{"line":138,"column":58},"end":{"line":138,"column":124}},"28":{"start":{"line":138,"column":96},"end":{"line":138,"column":121}},"29":{"start":{"line":139,"column":6},"end":{"line":139,"column":29}},"30":{"start":{"line":139,"column":46},"end":{"line":139,"column":123}},"31":{"start":{"line":139,"column":150},"end":{"line":139,"column":267}},"32":{"start":{"line":139,"column":185},"end":{"line":139,"column":266}},"33":{"start":{"line":139,"column":237},"end":{"line":139,"column":263}}},"fnMap":{"0":{"name":"register","decl":{"start":{"line":120,"column":99},"end":{"line":120,"column":107}},"loc":{"start":{"line":120,"column":110},"end":{"line":128,"column":37}},"line":120},"1":{"name":"(anonymous_1)","decl":{"start":{"line":124,"column":46},"end":{"line":124,"column":47}},"loc":{"start":{"line":124,"column":52},"end":{"line":128,"column":33}},"line":124},"2":{"name":"(anonymous_2)","decl":{"start":{"line":127,"column":43},"end":{"line":127,"column":44}},"loc":{"start":{"line":127,"column":49},"end":{"line":127,"column":176}},"line":127},"3":{"name":"registerValidSW","decl":{"start":{"line":128,"column":46},"end":{"line":128,"column":61}},"loc":{"start":{"line":128,"column":69},"end":{"line":135,"column":157}},"line":128},"4":{"name":"(anonymous_4)","decl":{"start":{"line":128,"column":115},"end":{"line":128,"column":116}},"loc":{"start":{"line":128,"column":131},"end":{"line":135,"column":69}},"line":128},"5":{"name":"(anonymous_5)","decl":{"start":{"line":128,"column":161},"end":{"line":128,"column":162}},"loc":{"start":{"line":128,"column":167},"end":{"line":135,"column":67}},"line":128},"6":{"name":"(anonymous_6)","decl":{"start":{"line":128,"column":250},"end":{"line":128,"column":251}},"loc":{"start":{"line":128,"column":256},"end":{"line":135,"column":65}},"line":128},"7":{"name":"(anonymous_7)","decl":{"start":{"line":135,"column":77},"end":{"line":135,"column":78}},"loc":{"start":{"line":135,"column":86},"end":{"line":135,"column":154}},"line":135},"8":{"name":"checkValidServiceWorker","decl":{"start":{"line":135,"column":166},"end":{"line":135,"column":189}},"loc":{"start":{"line":135,"column":197},"end":{"line":139,"column":127}},"line":135},"9":{"name":"(anonymous_9)","decl":{"start":{"line":136,"column":20},"end":{"line":136,"column":21}},"loc":{"start":{"line":136,"column":32},"end":{"line":139,"column":31}},"line":136},"10":{"name":"(anonymous_10)","decl":{"start":{"line":138,"column":41},"end":{"line":138,"column":42}},"loc":{"start":{"line":138,"column":57},"end":{"line":138,"column":125}},"line":138},"11":{"name":"(anonymous_11)","decl":{"start":{"line":138,"column":89},"end":{"line":138,"column":90}},"loc":{"start":{"line":138,"column":95},"end":{"line":138,"column":122}},"line":138},"12":{"name":"(anonymous_12)","decl":{"start":{"line":139,"column":39},"end":{"line":139,"column":40}},"loc":{"start":{"line":139,"column":45},"end":{"line":139,"column":124}},"line":139},"13":{"name":"unregister","decl":{"start":{"line":139,"column":136},"end":{"line":139,"column":146}},"loc":{"start":{"line":139,"column":149},"end":{"line":139,"column":268}},"line":139},"14":{"name":"(anonymous_14)","decl":{"start":{"line":139,"column":220},"end":{"line":139,"column":221}},"loc":{"start":{"line":139,"column":236},"end":{"line":139,"column":264}},"line":139}},"branchMap":{"0":{"loc":{"start":{"line":118,"column":28},"end":{"line":120,"column":88}},"type":"binary-expr","locations":[{"start":{"line":118,"column":28},"end":{"line":118,"column":68}},{"start":{"line":119,"column":0},"end":{"line":119,"column":36}},{"start":{"line":120,"column":0},"end":{"line":120,"column":88}}],"line":118},"1":{"loc":{"start":{"line":120,"column":111},"end":{"line":128,"column":36}},"type":"if","locations":[{"start":{"line":120,"column":111},"end":{"line":128,"column":36}},{"start":{"line":120,"column":111},"end":{"line":128,"column":36}}],"line":120},"2":{"loc":{"start":{"line":120,"column":115},"end":{"line":120,"column":184}},"type":"binary-expr","locations":[{"start":{"line":120,"column":115},"end":{"line":120,"column":152}},{"start":{"line":120,"column":156},"end":{"line":120,"column":184}}],"line":120},"3":{"loc":{"start":{"line":121,"column":71},"end":{"line":124,"column":14}},"type":"if","locations":[{"start":{"line":121,"column":71},"end":{"line":124,"column":14}},{"start":{"line":121,"column":71},"end":{"line":124,"column":14}}],"line":121},"4":{"loc":{"start":{"line":124,"column":113},"end":{"line":128,"column":32}},"type":"if","locations":[{"start":{"line":124,"column":113},"end":{"line":128,"column":32}},{"start":{"line":124,"column":113},"end":{"line":128,"column":32}}],"line":124},"5":{"loc":{"start":{"line":128,"column":257},"end":{"line":135,"column":64}},"type":"if","locations":[{"start":{"line":128,"column":257},"end":{"line":135,"column":64}},{"start":{"line":128,"column":257},"end":{"line":135,"column":64}}],"line":128},"6":{"loc":{"start":{"line":128,"column":302},"end":{"line":135,"column":63}},"type":"if","locations":[{"start":{"line":128,"column":302},"end":{"line":135,"column":63}},{"start":{"line":128,"column":302},"end":{"line":135,"column":63}}],"line":128},"7":{"loc":{"start":{"line":137,"column":4},"end":{"line":139,"column":30}},"type":"if","locations":[{"start":{"line":137,"column":4},"end":{"line":139,"column":30}},{"start":{"line":137,"column":4},"end":{"line":139,"column":30}}],"line":137},"8":{"loc":{"start":{"line":137,"column":8},"end":{"line":137,"column":100}},"type":"binary-expr","locations":[{"start":{"line":137,"column":8},"end":{"line":137,"column":31}},{"start":{"line":137,"column":35},"end":{"line":137,"column":100}}],"line":137},"9":{"loc":{"start":{"line":139,"column":150},"end":{"line":139,"column":267}},"type":"if","locations":[{"start":{"line":139,"column":150},"end":{"line":139,"column":267}},{"start":{"line":139,"column":150},"end":{"line":139,"column":267}}],"line":139}},"s":{"0":0,"1":0,"2":0,"3":0,"4":0,"5":0,"6":0,"7":0,"8":0,"9":0,"10":0,"11":0,"12":0,"13":0,"14":0,"15":0,"16":0,"17":0,"18":0,"19":0,"20":0,"21":0,"22":0,"23":0,"24":0,"25":0,"26":0,"27":0,"28":0,"29":0,"30":0,"31":0,"32":0,"33":0},"f":{"0":0,"1":0,"2":0,"3":0,"4":0,"5":0,"6":0,"7":0,"8":0,"9":0,"10":0,"11":0,"12":0,"13":0,"14":0},"b":{"0":[0,0,0],"1":[0,0],"2":[0,0],"3":[0,0],"4":[0,0],"5":[0,0],"6":[0,0],"7":[0,0],"8":[0,0],"9":[0,0]}}
,"/home/aitwar/React/Simple-React-Weather/src/pages/App.js": {"path":"/home/aitwar/React/Simple-React-Weather/src/pages/App.js","statementMap":{"0":{"start":{"line":8,"column":4},"end":{"line":12,"column":6}}},"fnMap":{"0":{"name":"(anonymous_0)","decl":{"start":{"line":7,"column":2},"end":{"line":7,"column":3}},"loc":{"start":{"line":7,"column":11},"end":{"line":13,"column":3}},"line":7}},"branchMap":{},"s":{"0":1},"f":{"0":1},"b":{},"_coverageSchema":"332fd63041d2c1bcb487cc26dd0d5f7d97098a6c","hash":"86996116bffc84581c8ccc34f3cb5625e07c7c48"}
,"/home/aitwar/React/Simple-React-Weather/src/pages/Home/Home.js": {"path":"/home/aitwar/React/Simple-React-Weather/src/pages/Home/Home.js","statementMap":{"0":{"start":{"line":8,"column":15},"end":{"line":8,"column":49}},"1":{"start":{"line":12,"column":6},"end":{"line":12,"column":19}},"2":{"start":{"line":13,"column":6},"end":{"line":18,"column":8}},"3":{"start":{"line":19,"column":6},"end":{"line":19,"column":55}},"4":{"start":{"line":23,"column":4},"end":{"line":23,"column":53}},"5":{"start":{"line":24,"column":13},"end":{"line":24,"column":17}},"6":{"start":{"line":25,"column":4},"end":{"line":30,"column":7}},"7":{"start":{"line":26,"column":26},"end":{"line":26,"column":57}},"8":{"start":{"line":27,"column":6},"end":{"line":27,"column":60}},"9":{"start":{"line":29,"column":6},"end":{"line":29,"column":35}},"10":{"start":{"line":34,"column":15},"end":{"line":34,"column":19}},"11":{"start":{"line":35,"column":4},"end":{"line":40,"column":7}},"12":{"start":{"line":36,"column":26},"end":{"line":36,"column":57}},"13":{"start":{"line":37,"column":6},"end":{"line":37,"column":60}},"14":{"start":{"line":39,"column":6},"end":{"line":39,"column":35}},"15":{"start":{"line":44,"column":18},"end":{"line":46,"column":5}},"16":{"start":{"line":47,"column":4},"end":{"line":54,"column":6}},"17":{"start":{"line":60,"column":4},"end":{"line":60,"column":17}},"18":{"start":{"line":61,"column":4},"end":{"line":61,"column":53}},"19":{"start":{"line":62,"column":4},"end":{"line":62,"column":51}},"20":{"start":{"line":63,"column":4},"end":{"line":63,"column":31}},"21":{"start":{"line":67,"column":4},"end":{"line":67,"column":43}},"22":{"start":{"line":71,"column":4},"end":{"line":71,"column":42}},"23":{"start":{"line":75,"column":4},"end":{"line":80,"column":6}},"24":{"start":{"line":84,"column":0},"end":{"line":86,"column":2}},"25":{"start":{"line":89,"column":19},"end":{"line":89,"column":20}},"26":{"start":{"line":90,"column":15},"end":{"line":98,"column":4}},"27":{"start":{"line":91,"column":23},"end":{"line":91,"column":52}},"28":{"start":{"line":92,"column":4},"end":{"line":92,"column":64}},"29":{"start":{"line":93,"column":23},"end":{"line":93,"column":50}},"30":{"start":{"line":94,"column":4},"end":{"line":94,"column":30}},"31":{"start":{"line":95,"column":4},"end":{"line":96,"column":52}},"32":{"start":{"line":96,"column":6},"end":{"line":96,"column":52}},"33":{"start":{"line":97,"column":4},"end":{"line":97,"column":14}},"34":{"start":{"line":100,"column":2},"end":{"line":104,"column":4}},"35":{"start":{"line":107,"column":0},"end":{"line":109,"column":2}},"36":{"start":{"line":112,"column":14},"end":{"line":112,"column":28}},"37":{"start":{"line":113,"column":26},"end":{"line":115,"column":5}},"38":{"start":{"line":116,"column":4},"end":{"line":127,"column":6}},"39":{"start":{"line":130,"column":0},"end":{"line":132,"column":1}},"40":{"start":{"line":135,"column":2},"end":{"line":137,"column":4}},"41":{"start":{"line":141,"column":2},"end":{"line":143,"column":4}},"42":{"start":{"line":146,"column":0},"end":{"line":148,"column":1}}},"fnMap":{"0":{"name":"(anonymous_0)","decl":{"start":{"line":11,"column":2},"end":{"line":11,"column":3}},"loc":{"start":{"line":11,"column":21},"end":{"line":20,"column":3}},"line":11},"1":{"name":"(anonymous_1)","decl":{"start":{"line":22,"column":2},"end":{"line":22,"column":3}},"loc":{"start":{"line":22,"column":20},"end":{"line":31,"column":3}},"line":22},"2":{"name":"(anonymous_2)","decl":{"start":{"line":25,"column":95},"end":{"line":25,"column":96}},"loc":{"start":{"line":25,"column":105},"end":{"line":28,"column":5}},"line":25},"3":{"name":"(anonymous_3)","decl":{"start":{"line":28,"column":13},"end":{"line":28,"column":14}},"loc":{"start":{"line":28,"column":30},"end":{"line":30,"column":5}},"line":28},"4":{"name":"(anonymous_4)","decl":{"start":{"line":33,"column":2},"end":{"line":33,"column":3}},"loc":{"start":{"line":33,"column":22},"end":{"line":41,"column":3}},"line":33},"5":{"name":"(anonymous_5)","decl":{"start":{"line":35,"column":100},"end":{"line":35,"column":101}},"loc":{"start":{"line":35,"column":110},"end":{"line":38,"column":5}},"line":35},"6":{"name":"(anonymous_6)","decl":{"start":{"line":38,"column":13},"end":{"line":38,"column":14}},"loc":{"start":{"line":38,"column":30},"end":{"line":40,"column":5}},"line":38},"7":{"name":"(anonymous_7)","decl":{"start":{"line":43,"column":2},"end":{"line":43,"column":3}},"loc":{"start":{"line":43,"column":11},"end":{"line":55,"column":3}},"line":43},"8":{"name":"(anonymous_8)","decl":{"start":{"line":59,"column":2},"end":{"line":59,"column":3}},"loc":{"start":{"line":59,"column":21},"end":{"line":64,"column":3}},"line":59},"9":{"name":"(anonymous_9)","decl":{"start":{"line":66,"column":2},"end":{"line":66,"column":3}},"loc":{"start":{"line":66,"column":18},"end":{"line":68,"column":3}},"line":66},"10":{"name":"(anonymous_10)","decl":{"start":{"line":70,"column":2},"end":{"line":70,"column":3}},"loc":{"start":{"line":70,"column":17},"end":{"line":72,"column":3}},"line":70},"11":{"name":"(anonymous_11)","decl":{"start":{"line":74,"column":2},"end":{"line":74,"column":3}},"loc":{"start":{"line":74,"column":11},"end":{"line":81,"column":3}},"line":74},"12":{"name":"Forecast","decl":{"start":{"line":88,"column":9},"end":{"line":88,"column":17}},"loc":{"start":{"line":88,"column":25},"end":{"line":105,"column":1}},"line":88},"13":{"name":"(anonymous_13)","decl":{"start":{"line":90,"column":71},"end":{"line":90,"column":72}},"loc":{"start":{"line":90,"column":78},"end":{"line":98,"column":3}},"line":90},"14":{"name":"DayForecast","decl":{"start":{"line":111,"column":9},"end":{"line":111,"column":20}},"loc":{"start":{"line":111,"column":28},"end":{"line":128,"column":1}},"line":111},"15":{"name":"Loader","decl":{"start":{"line":134,"column":9},"end":{"line":134,"column":15}},"loc":{"start":{"line":134,"column":18},"end":{"line":138,"column":1}},"line":134},"16":{"name":"ErrorMessage","decl":{"start":{"line":140,"column":9},"end":{"line":140,"column":21}},"loc":{"start":{"line":140,"column":29},"end":{"line":144,"column":1}},"line":140}},"branchMap":{"0":{"loc":{"start":{"line":44,"column":18},"end":{"line":46,"column":5}},"type":"cond-expr","locations":[{"start":{"line":44,"column":37},"end":{"line":44,"column":94}},{"start":{"line":45,"column":6},"end":{"line":45,"column":80}}],"line":44},"1":{"loc":{"start":{"line":45,"column":6},"end":{"line":45,"column":80}},"type":"cond-expr","locations":[{"start":{"line":45,"column":26},"end":{"line":45,"column":68}},{"start":{"line":45,"column":71},"end":{"line":45,"column":80}}],"line":45},"2":{"loc":{"start":{"line":90,"column":15},"end":{"line":98,"column":4}},"type":"cond-expr","locations":[{"start":{"line":90,"column":40},"end":{"line":90,"column":49}},{"start":{"line":90,"column":52},"end":{"line":98,"column":4}}],"line":90},"3":{"loc":{"start":{"line":92,"column":18},"end":{"line":92,"column":62}},"type":"cond-expr","locations":[{"start":{"line":92,"column":37},"end":{"line":92,"column":49}},{"start":{"line":92,"column":52},"end":{"line":92,"column":62}}],"line":92},"4":{"loc":{"start":{"line":95,"column":4},"end":{"line":96,"column":52}},"type":"if","locations":[{"start":{"line":95,"column":4},"end":{"line":96,"column":52}},{"start":{"line":95,"column":4},"end":{"line":96,"column":52}}],"line":95}},"s":{"0":2,"1":1,"2":1,"3":1,"4":0,"5":0,"6":0,"7":0,"8":0,"9":0,"10":1,"11":1,"12":0,"13":0,"14":1,"15":1,"16":1,"17":1,"18":1,"19":1,"20":1,"21":0,"22":0,"23":1,"24":2,"25":0,"26":0,"27":0,"28":0,"29":0,"30":0,"31":0,"32":0,"33":0,"34":0,"35":2,"36":1,"37":1,"38":1,"39":2,"40":2,"41":1,"42":2},"f":{"0":1,"1":0,"2":0,"3":0,"4":1,"5":0,"6":1,"7":1,"8":1,"9":0,"10":0,"11":1,"12":0,"13":0,"14":1,"15":2,"16":1},"b":{"0":[0,1],"1":[0,1],"2":[0,0],"3":[0,0],"4":[0,0]},"_coverageSchema":"332fd63041d2c1bcb487cc26dd0d5f7d97098a6c","hash":"6dd9b248d5bc36acad254cfd9a6e0fc231fbdb33"}
}
